server start!!! Listen on port:80
HTTPS Server is running on: https://localhost:443
[0mGET / [36m304 [0m94.632 ms - -[0m
[0mGET /bootstrap/jquery-1.12.4.js [36m304 [0m4.658 ms - -[0m
[0mGET /bootstrap/jquery.dataTables.min.css [36m304 [0m2.946 ms - -[0m
[0mGET /bootstrap/log_warnning.css [36m304 [0m1.579 ms - -[0m
[0mGET /bootstrap/bootstrap.min.css [36m304 [0m2.258 ms - -[0m
[0mGET /bootstrap/com.js [36m304 [0m2.113 ms - -[0m
[0mGET /bootstrap/jquery.dataTables.min.js [36m304 [0m1.222 ms - -[0m
[0mGET /images/sort_both.png [33m404 [0m5.840 ms - 786[0m
[0mGET / [36m304 [0m14.406 ms - -[0m
[0mGET /bootstrap/jquery-1.12.4.js [36m304 [0m0.949 ms - -[0m
[0mGET /bootstrap/com.js [36m304 [0m0.857 ms - -[0m
[0mGET /bootstrap/jquery.dataTables.min.js [36m304 [0m2.506 ms - -[0m
[0mGET /bootstrap/jquery.dataTables.min.css [36m304 [0m3.196 ms - -[0m
[0mGET /bootstrap/log_warnning.css [36m304 [0m3.694 ms - -[0m
[0mGET /bootstrap/bootstrap.min.css [36m304 [0m2.950 ms - -[0m
[0mGET /images/sort_both.png [33m404 [0m2.537 ms - 786[0m
server start!!! Listen on port:80
HTTPS Server is running on: https://localhost:443
[0mGET / [36m304 [0m94.738 ms - -[0m
[0mGET /bootstrap/jquery-1.12.4.js [36m304 [0m5.002 ms - -[0m
[0mGET /bootstrap/jquery.dataTables.min.css [36m304 [0m2.853 ms - -[0m
[0mGET /bootstrap/log_warnning.css [36m304 [0m1.248 ms - -[0m
[0mGET /bootstrap/bootstrap.min.css [36m304 [0m2.559 ms - -[0m
[0mGET /bootstrap/com.js [36m304 [0m1.213 ms - -[0m
[0mGET /bootstrap/jquery.dataTables.min.js [36m304 [0m1.484 ms - -[0m
[0mGET /images/sort_both.png [33m404 [0m4.674 ms - 786[0m
[0mGET / [36m304 [0m13.687 ms - -[0m
[0mGET /bootstrap/jquery.dataTables.min.js [36m304 [0m0.839 ms - -[0m
[0mGET /bootstrap/jquery.dataTables.min.css [36m304 [0m3.084 ms - -[0m
[0mGET /bootstrap/jquery-1.12.4.js [36m304 [0m2.511 ms - -[0m
[0mGET /bootstrap/com.js [36m304 [0m2.132 ms - -[0m
[0mGET /bootstrap/log_warnning.css [36m304 [0m1.953 ms - -[0m
[0mGET /bootstrap/bootstrap.min.css [36m304 [0m2.639 ms - -[0m
[0mGET /images/sort_both.png [33m404 [0m2.081 ms - 786[0m
[0mGET / [36m304 [0m5.571 ms - -[0m
[0mGET /bootstrap/jquery-1.12.4.js [36m304 [0m0.680 ms - -[0m
[0mGET /bootstrap/com.js [36m304 [0m0.444 ms - -[0m
[0mGET /bootstrap/log_warnning.css [36m304 [0m0.482 ms - -[0m
[0mGET /bootstrap/jquery.dataTables.min.js [36m304 [0m1.304 ms - -[0m
[0mGET /bootstrap/bootstrap.min.css [36m304 [0m1.899 ms - -[0m
[0mGET /bootstrap/jquery.dataTables.min.css [36m304 [0m2.122 ms - -[0m
[0mGET /images/sort_both.png [33m404 [0m1.421 ms - 786[0m
[0mGET /u [32m200 [0m2.291 ms - 4060[0m
[0mGET /bootstrap/jquery-1.12.4.js [36m304 [0m0.482 ms - -[0m
[0mGET /bootstrap/com.js [36m304 [0m2.643 ms - -[0m
[0mGET /bootstrap/jquery.dataTables.min.js [36m304 [0m2.758 ms - -[0m
[0mGET /bootstrap/jquery.dataTables.min.css [36m304 [0m2.818 ms - -[0m
[0mGET /bootstrap/log_warnning.css [36m304 [0m2.359 ms - -[0m
[0mGET /bootstrap/bootstrap.min.css [36m304 [0m2.382 ms - -[0m
[0mGET /bootstrap/buttons.css [36m304 [0m0.468 ms - -[0m
[0mGET /u [36m304 [0m2.389 ms - -[0m
[0mGET /bootstrap/jquery.dataTables.min.css [36m304 [0m0.461 ms - -[0m
[0mGET /bootstrap/jquery-1.12.4.js [36m304 [0m2.252 ms - -[0m
[0mGET /bootstrap/com.js [36m304 [0m1.938 ms - -[0m
[0mGET /bootstrap/bootstrap.min.css [36m304 [0m2.463 ms - -[0m
[0mGET /bootstrap/jquery.dataTables.min.js [36m304 [0m1.143 ms - -[0m
[0mGET /bootstrap/log_warnning.css [36m304 [0m1.220 ms - -[0m
[0mGET /bootstrap/buttons.css [36m304 [0m0.452 ms - -[0m
[0mGET /u [36m304 [0m1.997 ms - -[0m
[0mGET /bootstrap/jquery-1.12.4.js [36m304 [0m0.482 ms - -[0m
[0mGET /bootstrap/com.js [36m304 [0m0.447 ms - -[0m
[0mGET /bootstrap/jquery.dataTables.min.js [36m304 [0m0.953 ms - -[0m
[0mGET /bootstrap/jquery.dataTables.min.css [36m304 [0m2.177 ms - -[0m
[0mGET /bootstrap/log_warnning.css [36m304 [0m1.827 ms - -[0m
[0mGET /bootstrap/bootstrap.min.css [36m304 [0m0.726 ms - -[0m
[0mGET /bootstrap/buttons.css [36m304 [0m0.865 ms - -[0m
server start!!! Listen on port:80
HTTPS Server is running on: https://localhost:443
[0mGET /u [36m304 [0m24.331 ms - -[0m
[0mGET /bootstrap/jquery-1.12.4.js [36m304 [0m4.978 ms - -[0m
[0mGET /bootstrap/com.js [36m304 [0m2.867 ms - -[0m
[0mGET /bootstrap/jquery.dataTables.min.js [36m304 [0m4.110 ms - -[0m
[0mGET /bootstrap/jquery.dataTables.min.css [36m304 [0m4.728 ms - -[0m
[0mGET /bootstrap/log_warnning.css [36m304 [0m4.519 ms - -[0m
[0mGET /bootstrap/bootstrap.min.css [36m304 [0m4.570 ms - -[0m
[0mGET /bootstrap/buttons.css [36m304 [0m1.772 ms - -[0m
server start!!! Listen on port:80
server start!!! Listen on port:80
[0mGET / [36m304 [0m95.417 ms - -[0m
[0mGET /bootstrap/jquery-1.12.4.js [36m304 [0m7.549 ms - -[0m
[0mGET /bootstrap/com.js [36m304 [0m5.555 ms - -[0m
[0mGET /bootstrap/jquery.dataTables.min.js [36m304 [0m5.214 ms - -[0m
[0mGET /bootstrap/jquery.dataTables.min.css [36m304 [0m1.465 ms - -[0m
[0mGET /bootstrap/log_warnning.css [36m304 [0m2.718 ms - -[0m
[0mGET /bootstrap/bootstrap.min.css [36m304 [0m3.745 ms - -[0m
[0mGET /images/sort_both.png [33m404 [0m4.780 ms - 786[0m
[0mGET / [36m304 [0m16.179 ms - -[0m
[0mGET /bootstrap/jquery-1.12.4.js [36m304 [0m6.953 ms - -[0m
[0mGET /bootstrap/com.js [36m304 [0m6.821 ms - -[0m
[0mGET /bootstrap/jquery.dataTables.min.js [36m304 [0m6.717 ms - -[0m
[0mGET /bootstrap/bootstrap.min.css [36m304 [0m5.684 ms - -[0m
[0mGET /bootstrap/jquery.dataTables.min.css [36m304 [0m5.481 ms - -[0m
[0mGET /bootstrap/log_warnning.css [36m304 [0m4.250 ms - -[0m
[0mGET /images/sort_both.png [33m404 [0m2.964 ms - 786[0m
[0mGET / [36m304 [0m6.865 ms - -[0m
[0mGET /bootstrap/jquery-1.12.4.js [36m304 [0m3.637 ms - -[0m
[0mGET /bootstrap/com.js [36m304 [0m3.040 ms - -[0m
[0mGET /bootstrap/jquery.dataTables.min.js [36m304 [0m3.097 ms - -[0m
[0mGET /bootstrap/jquery.dataTables.min.css [36m304 [0m3.251 ms - -[0m
[0mGET /bootstrap/log_warnning.css [36m304 [0m3.562 ms - -[0m
[0mGET /bootstrap/bootstrap.min.css [36m304 [0m4.044 ms - -[0m
[0mGET /images/sort_both.png [33m404 [0m2.615 ms - 786[0m
[0mGET / [36m304 [0m4.040 ms - -[0m
[0mGET /bootstrap/jquery-1.12.4.js [36m304 [0m2.799 ms - -[0m
[0mGET /bootstrap/jquery.dataTables.min.js [36m304 [0m3.168 ms - -[0m
[0mGET /bootstrap/com.js [36m304 [0m2.714 ms - -[0m
[0mGET /bootstrap/jquery.dataTables.min.css [36m304 [0m3.149 ms - -[0m
[0mGET /bootstrap/bootstrap.min.css [36m304 [0m3.121 ms - -[0m
[0mGET /bootstrap/log_warnning.css [36m304 [0m0.447 ms - -[0m
[0mGET /images/sort_both.png [33m404 [0m1.065 ms - 786[0m
[0mGET / [36m304 [0m7.069 ms - -[0m
[0mGET /bootstrap/jquery-1.12.4.js [36m304 [0m3.335 ms - -[0m
[0mGET /bootstrap/com.js [36m304 [0m3.145 ms - -[0m
[0mGET /bootstrap/log_warnning.css [36m304 [0m2.501 ms - -[0m
[0mGET /bootstrap/jquery.dataTables.min.css [36m304 [0m2.490 ms - -[0m
[0mGET /bootstrap/bootstrap.min.css [36m304 [0m2.566 ms - -[0m
[0mGET /bootstrap/jquery.dataTables.min.js [36m304 [0m2.497 ms - -[0m
[0mGET /images/sort_both.png [33m404 [0m1.033 ms - 786[0m
[0mGET / [36m304 [0m20.484 ms - -[0m
[0mGET /bootstrap/jquery-1.12.4.js [36m304 [0m3.016 ms - -[0m
[0mGET /bootstrap/com.js [36m304 [0m3.577 ms - -[0m
[0mGET /bootstrap/jquery.dataTables.min.js [36m304 [0m3.702 ms - -[0m
[0mGET /bootstrap/jquery.dataTables.min.css [36m304 [0m4.008 ms - -[0m
[0mGET /bootstrap/log_warnning.css [36m304 [0m4.002 ms - -[0m
[0mGET /bootstrap/bootstrap.min.css [36m304 [0m4.107 ms - -[0m
[0mGET /images/sort_both.png [33m404 [0m1.059 ms - 786[0m
[0mPOST /delrow [32m200 [0m23.767 ms - -[0m
{"_id":"590c2dbf423c3814007a4fe3"}
[0mGET / [32m200 [0m7.289 ms - 4207[0m
[0mGET /bootstrap/jquery-1.12.4.js [36m304 [0m2.107 ms - -[0m
[0mGET /bootstrap/com.js [36m304 [0m2.066 ms - -[0m
[0mGET /bootstrap/log_warnning.css [36m304 [0m2.151 ms - -[0m
[0mGET /bootstrap/jquery.dataTables.min.js [36m304 [0m2.256 ms - -[0m
[0mGET /bootstrap/jquery.dataTables.min.css [36m304 [0m2.329 ms - -[0m
[0mGET /bootstrap/bootstrap.min.css [36m304 [0m2.425 ms - -[0m
[0mGET /images/sort_both.png [33m404 [0m2.670 ms - 786[0m
[0mGET /rule/filter/editor?id%3D590c2a6e423c3814007a4fe2%26t%3D%E4%BB%A3%E7%A0%81 [33m404 [0m1.530 ms - 786[0m
[0mGET /rule/filter/list [33m404 [0m1.295 ms - 786[0m
[0mGET / [36m304 [0m7.542 ms - -[0m
[0mGET /bootstrap/jquery-1.12.4.js [36m304 [0m4.877 ms - -[0m
[0mGET /bootstrap/jquery.dataTables.min.js [36m304 [0m3.390 ms - -[0m
[0mGET /bootstrap/com.js [36m304 [0m3.427 ms - -[0m
[0mGET /bootstrap/jquery.dataTables.min.css [36m304 [0m3.889 ms - -[0m
[0mGET /bootstrap/log_warnning.css [36m304 [0m3.802 ms - -[0m
[0mGET /bootstrap/bootstrap.min.css [36m304 [0m3.197 ms - -[0m
[0mGET /images/sort_both.png [33m404 [0m3.489 ms - 786[0m
[0mGET / [36m304 [0m8.287 ms - -[0m
[0mGET /bootstrap/com.js [36m304 [0m14.346 ms - -[0m
[0mGET /bootstrap/log_warnning.css [36m304 [0m13.864 ms - -[0m
[0mGET /bootstrap/jquery.dataTables.min.js [36m304 [0m4.377 ms - -[0m
[0mGET /bootstrap/jquery-1.12.4.js [36m304 [0m4.333 ms - -[0m
[0mGET /bootstrap/jquery.dataTables.min.css [36m304 [0m4.329 ms - -[0m
[0mGET /bootstrap/bootstrap.min.css [36m304 [0m4.312 ms - -[0m
[0mGET /images/sort_both.png [33m404 [0m2.984 ms - 786[0m
[0mGET / [36m304 [0m6.871 ms - -[0m
[0mGET /bootstrap/jquery-1.12.4.js [36m304 [0m2.470 ms - -[0m
[0mGET /bootstrap/com.js [36m304 [0m2.521 ms - -[0m
[0mGET /bootstrap/jquery.dataTables.min.js [36m304 [0m2.620 ms - -[0m
[0mGET /bootstrap/log_warnning.css [36m304 [0m2.691 ms - -[0m
[0mGET /bootstrap/bootstrap.min.css [36m304 [0m2.781 ms - -[0m
[0mGET /bootstrap/jquery.dataTables.min.css [36m304 [0m2.845 ms - -[0m
[0mGET /images/sort_both.png [33m404 [0m1.244 ms - 786[0m
[0mGET / [36m304 [0m5.644 ms - -[0m
[0mGET /bootstrap/jquery-1.12.4.js [36m304 [0m7.989 ms - -[0m
[0mGET /bootstrap/com.js [36m304 [0m4.889 ms - -[0m
[0mGET /bootstrap/jquery.dataTables.min.js [36m304 [0m4.631 ms - -[0m
[0mGET /bootstrap/log_warnning.css [36m304 [0m4.646 ms - -[0m
[0mGET /bootstrap/bootstrap.min.css [36m304 [0m5.593 ms - -[0m
[0mGET /bootstrap/jquery.dataTables.min.css [36m304 [0m5.691 ms - -[0m
[0mGET /images/sort_both.png [33m404 [0m2.045 ms - 786[0m
[0mGET / [36m304 [0m6.802 ms - -[0m
[0mGET /bootstrap/jquery-1.12.4.js [36m304 [0m1.763 ms - -[0m
[0mGET /bootstrap/com.js [36m304 [0m1.754 ms - -[0m
[0mGET /bootstrap/jquery.dataTables.min.js [36m304 [0m1.836 ms - -[0m
[0mGET /bootstrap/jquery.dataTables.min.css [36m304 [0m1.858 ms - -[0m
[0mGET /bootstrap/log_warnning.css [36m304 [0m0.830 ms - -[0m
[0mGET /bootstrap/bootstrap.min.css [36m304 [0m0.882 ms - -[0m
[0mGET /images/sort_both.png [33m404 [0m1.217 ms - 786[0m
[0mGET / [36m304 [0m5.546 ms - -[0m
[0mGET /bootstrap/jquery-1.12.4.js [36m304 [0m2.915 ms - -[0m
[0mGET /bootstrap/jquery.dataTables.min.js [36m304 [0m2.955 ms - -[0m
[0mGET /bootstrap/com.js [36m304 [0m2.762 ms - -[0m
[0mGET /bootstrap/log_warnning.css [36m304 [0m2.699 ms - -[0m
[0mGET /bootstrap/bootstrap.min.css [36m304 [0m2.725 ms - -[0m
[0mGET /bootstrap/jquery.dataTables.min.css [36m304 [0m2.775 ms - -[0m
[0mGET /images/sort_both.png [33m404 [0m1.183 ms - 786[0m
[0mGET / [36m304 [0m4.606 ms - -[0m
[0mGET /bootstrap/jquery-1.12.4.js [36m304 [0m0.521 ms - -[0m
[0mGET /bootstrap/com.js [36m304 [0m2.309 ms - -[0m
[0mGET /bootstrap/jquery.dataTables.min.js [36m304 [0m2.531 ms - -[0m
[0mGET /bootstrap/log_warnning.css [36m304 [0m3.476 ms - -[0m
[0mGET /bootstrap/jquery.dataTables.min.css [36m304 [0m3.855 ms - -[0m
[0mGET /bootstrap/bootstrap.min.css [36m304 [0m3.975 ms - -[0m
[0mGET /images/sort_both.png [33m404 [0m1.617 ms - 786[0m
[0mGET / [36m304 [0m4.277 ms - -[0m
[0mGET /bootstrap/jquery-1.12.4.js [36m304 [0m4.019 ms - -[0m
[0mGET /bootstrap/com.js [36m304 [0m4.102 ms - -[0m
[0mGET /bootstrap/jquery.dataTables.min.css [36m304 [0m4.175 ms - -[0m
[0mGET /bootstrap/jquery.dataTables.min.js [36m304 [0m2.799 ms - -[0m
[0mGET /bootstrap/log_warnning.css [36m304 [0m2.764 ms - -[0m
[0mGET /bootstrap/bootstrap.min.css [36m304 [0m2.791 ms - -[0m
[0mGET /images/sort_both.png [33m404 [0m1.214 ms - 786[0m
[0mGET / [36m304 [0m4.468 ms - -[0m
[0mGET /bootstrap/jquery-1.12.4.js [36m304 [0m2.913 ms - -[0m
[0mGET /bootstrap/com.js [36m304 [0m3.881 ms - -[0m
[0mGET /bootstrap/jquery.dataTables.min.css [36m304 [0m3.998 ms - -[0m
[0mGET /bootstrap/jquery.dataTables.min.js [36m304 [0m4.074 ms - -[0m
[0mGET /bootstrap/bootstrap.min.css [36m304 [0m4.155 ms - -[0m
[0mGET /bootstrap/log_warnning.css [36m304 [0m4.165 ms - -[0m
[0mGET /images/sort_both.png [33m404 [0m1.329 ms - 786[0m
[0mGET / [36m304 [0m13.414 ms - -[0m
[0mGET /bootstrap/jquery-1.12.4.js [36m304 [0m8.061 ms - -[0m
[0mGET /bootstrap/com.js [36m304 [0m5.175 ms - -[0m
[0mGET /bootstrap/jquery.dataTables.min.js [36m304 [0m4.917 ms - -[0m
[0mGET /bootstrap/jquery.dataTables.min.css [36m304 [0m4.422 ms - -[0m
[0mGET /bootstrap/log_warnning.css [36m304 [0m4.882 ms - -[0m
[0mGET /bootstrap/bootstrap.min.css [36m304 [0m5.186 ms - -[0m
[0mGET /images/sort_both.png [33m404 [0m2.125 ms - 786[0m
[0mGET / [36m304 [0m4.659 ms - -[0m
[0mGET /bootstrap/jquery-1.12.4.js [36m304 [0m1.886 ms - -[0m
[0mGET /bootstrap/com.js [36m304 [0m1.900 ms - -[0m
[0mGET /bootstrap/jquery.dataTables.min.js [36m304 [0m2.004 ms - -[0m
[0mGET /bootstrap/jquery.dataTables.min.css [36m304 [0m2.112 ms - -[0m
[0mGET /bootstrap/bootstrap.min.css [36m304 [0m2.193 ms - -[0m
[0mGET /bootstrap/log_warnning.css [36m304 [0m2.263 ms - -[0m
[0mGET /images/sort_both.png [33m404 [0m1.036 ms - 786[0m
[0mGET / [36m304 [0m15.856 ms - -[0m
[0mGET /bootstrap/jquery-1.12.4.js [36m304 [0m5.865 ms - -[0m
[0mGET /bootstrap/com.js [36m304 [0m5.946 ms - -[0m
[0mGET /bootstrap/jquery.dataTables.min.js [36m304 [0m5.695 ms - -[0m
[0mGET /bootstrap/jquery.dataTables.min.css [36m304 [0m5.868 ms - -[0m
[0mGET /bootstrap/log_warnning.css [36m304 [0m5.109 ms - -[0m
[0mGET /bootstrap/bootstrap.min.css [36m304 [0m5.178 ms - -[0m
[0mGET /images/sort_both.png [33m404 [0m1.298 ms - 786[0m
[0mGET / [36m304 [0m3.912 ms - -[0m
[0mGET /bootstrap/jquery-1.12.4.js [36m304 [0m0.837 ms - -[0m
[0mGET /bootstrap/com.js [36m304 [0m1.585 ms - -[0m
[0mGET /bootstrap/jquery.dataTables.min.js [36m304 [0m1.067 ms - -[0m
[0mGET /bootstrap/jquery.dataTables.min.css [36m304 [0m1.120 ms - -[0m
[0mGET /bootstrap/log_warnning.css [36m304 [0m0.666 ms - -[0m
[0mGET /bootstrap/bootstrap.min.css [36m304 [0m0.700 ms - -[0m
[0mGET /images/sort_both.png [33m404 [0m1.092 ms - 786[0m
[0mGET / [36m304 [0m5.037 ms - -[0m
[0mGET /bootstrap/jquery-1.12.4.js [36m304 [0m1.804 ms - -[0m
[0mGET /bootstrap/com.js [36m304 [0m1.887 ms - -[0m
[0mGET /bootstrap/jquery.dataTables.min.css [36m304 [0m1.978 ms - -[0m
[0mGET /bootstrap/jquery.dataTables.min.js [36m304 [0m3.315 ms - -[0m
[0mGET /bootstrap/log_warnning.css [36m304 [0m3.483 ms - -[0m
[0mGET /bootstrap/bootstrap.min.css [36m304 [0m3.773 ms - -[0m
[0mGET /images/sort_both.png [33m404 [0m1.108 ms - 786[0m
[0mGET / [36m304 [0m6.156 ms - -[0m
[0mGET /bootstrap/jquery-1.12.4.js [36m304 [0m3.508 ms - -[0m
[0mGET /bootstrap/com.js [36m304 [0m3.592 ms - -[0m
[0mGET /bootstrap/jquery.dataTables.min.js [36m304 [0m3.666 ms - -[0m
[0mGET /bootstrap/log_warnning.css [36m304 [0m3.794 ms - -[0m
[0mGET /bootstrap/jquery.dataTables.min.css [36m304 [0m3.912 ms - -[0m
[0mGET /bootstrap/bootstrap.min.css [36m304 [0m6.408 ms - -[0m
[0mGET /images/sort_both.png [33m404 [0m1.079 ms - 786[0m
[0mGET / [36m304 [0m5.208 ms - -[0m
[0mGET /bootstrap/jquery-1.12.4.js [36m304 [0m1.815 ms - -[0m
[0mGET /bootstrap/com.js [36m304 [0m1.861 ms - -[0m
[0mGET /bootstrap/jquery.dataTables.min.js [36m304 [0m1.993 ms - -[0m
[0mGET /bootstrap/jquery.dataTables.min.css [36m304 [0m3.661 ms - -[0m
[0mGET /bootstrap/log_warnning.css [36m304 [0m3.756 ms - -[0m
[0mGET /bootstrap/bootstrap.min.css [36m304 [0m3.908 ms - -[0m
[0mGET /images/sort_both.png [33m404 [0m1.050 ms - 786[0m
[0mGET / [36m304 [0m7.391 ms - -[0m
[0mGET /bootstrap/jquery-1.12.4.js [36m304 [0m1.767 ms - -[0m
[0mGET /bootstrap/com.js [36m304 [0m1.827 ms - -[0m
[0mGET /bootstrap/jquery.dataTables.min.js [36m304 [0m1.921 ms - -[0m
[0mGET /bootstrap/jquery.dataTables.min.css [36m304 [0m1.999 ms - -[0m
[0mGET /bootstrap/log_warnning.css [36m304 [0m2.070 ms - -[0m
[0mGET /bootstrap/bootstrap.min.css [36m304 [0m2.166 ms - -[0m
[0mGET /images/sort_both.png [33m404 [0m0.941 ms - 786[0m
[0mGET / [36m304 [0m5.554 ms - -[0m
[0mGET /bootstrap/jquery-1.12.4.js [36m304 [0m2.609 ms - -[0m
[0mGET /bootstrap/com.js [36m304 [0m2.177 ms - -[0m
[0mGET /bootstrap/jquery.dataTables.min.js [36m304 [0m2.195 ms - -[0m
[0mGET /bootstrap/jquery.dataTables.min.css [36m304 [0m2.271 ms - -[0m
[0mGET /bootstrap/log_warnning.css [36m304 [0m2.040 ms - -[0m
[0mGET /bootstrap/bootstrap.min.css [36m304 [0m2.066 ms - -[0m
[0mGET /images/sort_both.png [33m404 [0m2.045 ms - 786[0m
[0mPOST /u [32m200 [0m2.201 ms - -[0m
[0mGET / [32m200 [0m8.212 ms - 4376[0m
[0mGET /bootstrap/jquery-1.12.4.js [36m304 [0m0.877 ms - -[0m
[0mGET /bootstrap/com.js [36m304 [0m1.176 ms - -[0m
[0mGET /bootstrap/jquery.dataTables.min.js [36m304 [0m1.180 ms - -[0m
[0mGET /bootstrap/jquery.dataTables.min.css [36m304 [0m1.204 ms - -[0m
[0mGET /bootstrap/log_warnning.css [36m304 [0m0.426 ms - -[0m
[0mGET /bootstrap/bootstrap.min.css [36m304 [0m0.463 ms - -[0m
[0mGET /images/sort_both.png [33m404 [0m1.543 ms - 786[0m
[0mGET / [36m304 [0m4.451 ms - -[0m
[0mGET /bootstrap/jquery-1.12.4.js [36m304 [0m3.797 ms - -[0m
[0mGET /bootstrap/com.js [36m304 [0m3.874 ms - -[0m
[0mGET /bootstrap/jquery.dataTables.min.js [36m304 [0m3.937 ms - -[0m
[0mGET /bootstrap/jquery.dataTables.min.css [36m304 [0m2.858 ms - -[0m
[0mGET /bootstrap/log_warnning.css [36m304 [0m2.991 ms - -[0m
[0mGET /bootstrap/bootstrap.min.css [36m304 [0m2.692 ms - -[0m
[0mGET /images/sort_both.png [33m404 [0m1.110 ms - 786[0m
[0mGET / [36m304 [0m4.399 ms - -[0m
[0mGET /bootstrap/jquery-1.12.4.js [36m304 [0m1.159 ms - -[0m
[0mGET /bootstrap/jquery.dataTables.min.js [36m304 [0m1.791 ms - -[0m
[0mGET /bootstrap/com.js [36m304 [0m3.142 ms - -[0m
[0mGET /bootstrap/log_warnning.css [36m304 [0m1.696 ms - -[0m
[0mGET /bootstrap/jquery.dataTables.min.css [36m304 [0m1.426 ms - -[0m
[0mGET /bootstrap/bootstrap.min.css [36m304 [0m1.501 ms - -[0m
[0mGET /images/sort_both.png [33m404 [0m1.735 ms - 786[0m
[0mGET / [36m304 [0m6.490 ms - -[0m
[0mGET /bootstrap/jquery-1.12.4.js [36m304 [0m1.381 ms - -[0m
[0mGET /bootstrap/com.js [36m304 [0m1.395 ms - -[0m
[0mGET /bootstrap/jquery.dataTables.min.js [36m304 [0m1.398 ms - -[0m
[0mGET /bootstrap/jquery.dataTables.min.css [36m304 [0m1.503 ms - -[0m
[0mGET /bootstrap/log_warnning.css [36m304 [0m0.659 ms - -[0m
[0mGET /bootstrap/bootstrap.min.css [36m304 [0m0.727 ms - -[0m
[0mGET /images/sort_both.png [33m404 [0m1.086 ms - 786[0m
[0mGET / [36m304 [0m4.148 ms - -[0m
[0mGET /bootstrap/jquery-1.12.4.js [36m304 [0m1.811 ms - -[0m
[0mGET /bootstrap/com.js [36m304 [0m1.894 ms - -[0m
[0mGET /bootstrap/jquery.dataTables.min.css [36m304 [0m1.960 ms - -[0m
[0mGET /bootstrap/log_warnning.css [36m304 [0m2.028 ms - -[0m
[0mGET /bootstrap/jquery.dataTables.min.js [36m304 [0m2.102 ms - -[0m
[0mGET /bootstrap/bootstrap.min.css [36m304 [0m2.188 ms - -[0m
[0mGET /images/sort_both.png [33m404 [0m1.034 ms - 786[0m
[0mGET / [36m304 [0m6.640 ms - -[0m
[0mGET /bootstrap/jquery-1.12.4.js [36m304 [0m3.800 ms - -[0m
[0mGET /bootstrap/com.js [36m304 [0m2.616 ms - -[0m
[0mGET /bootstrap/log_warnning.css [36m304 [0m2.705 ms - -[0m
[0mGET /bootstrap/jquery.dataTables.min.js [36m304 [0m3.109 ms - -[0m
[0mGET /bootstrap/jquery.dataTables.min.css [36m304 [0m3.451 ms - -[0m
[0mGET /bootstrap/bootstrap.min.css [36m304 [0m3.691 ms - -[0m
[0mGET /images/sort_both.png [33m404 [0m1.117 ms - 786[0m
[0mGET / [36m304 [0m3.756 ms - -[0m
[0mGET /bootstrap/jquery-1.12.4.js [36m304 [0m1.105 ms - -[0m
[0mGET /bootstrap/jquery.dataTables.min.js [36m304 [0m1.805 ms - -[0m
[0mGET /bootstrap/com.js [36m304 [0m2.325 ms - -[0m
[0mGET /bootstrap/jquery.dataTables.min.css [36m304 [0m3.566 ms - -[0m
[0mGET /bootstrap/bootstrap.min.css [36m304 [0m2.779 ms - -[0m
[0mGET /bootstrap/log_warnning.css [36m304 [0m2.861 ms - -[0m
[0mGET /images/sort_both.png [33m404 [0m1.101 ms - 786[0m
[0mGET /resource/upload_3a0243d8fc0409e91a56b4eb2923c809.gz [32m200 [0m5.619 ms - 424555111[0m
[0mGET / [36m304 [0m12.023 ms - -[0m
[0mGET /bootstrap/jquery-1.12.4.js [36m304 [0m0.950 ms - -[0m
[0mGET /bootstrap/com.js [36m304 [0m0.836 ms - -[0m
[0mGET /bootstrap/jquery.dataTables.min.js [36m304 [0m0.977 ms - -[0m
[0mGET /bootstrap/jquery.dataTables.min.css [36m304 [0m0.658 ms - -[0m
[0mGET /bootstrap/log_warnning.css [36m304 [0m0.741 ms - -[0m
[0mGET /bootstrap/bootstrap.min.css [36m304 [0m0.294 ms - -[0m
[0mGET /images/sort_both.png [33m404 [0m1.395 ms - 786[0m
[0mGET / [36m304 [0m4.876 ms - -[0m
[0mGET /bootstrap/jquery-1.12.4.js [36m304 [0m0.504 ms - -[0m
[0mGET /bootstrap/com.js [36m304 [0m0.462 ms - -[0m
[0mGET /bootstrap/jquery.dataTables.min.js [36m304 [0m0.414 ms - -[0m
[0mGET /bootstrap/jquery.dataTables.min.css [36m304 [0m1.080 ms - -[0m
[0mGET /bootstrap/log_warnning.css [36m304 [0m1.125 ms - -[0m
[0mGET /bootstrap/bootstrap.min.css [36m304 [0m1.153 ms - -[0m
[0mGET /images/sort_both.png [33m404 [0m1.160 ms - 786[0m
[0mGET / [36m304 [0m6.644 ms - -[0m
[0mGET /bootstrap/jquery-1.12.4.js [36m304 [0m2.018 ms - -[0m
[0mGET /bootstrap/com.js [36m304 [0m2.027 ms - -[0m
[0mGET /bootstrap/jquery.dataTables.min.js [36m304 [0m2.133 ms - -[0m
[0mGET /bootstrap/jquery.dataTables.min.css [36m304 [0m2.211 ms - -[0m
[0mGET /bootstrap/log_warnning.css [36m304 [0m2.308 ms - -[0m
[0mGET /bootstrap/bootstrap.min.css [36m304 [0m2.366 ms - -[0m
[0mGET /images/sort_both.png [33m404 [0m1.131 ms - 786[0m
[0mGET / [36m304 [0m3.977 ms - -[0m
[0mGET /bootstrap/jquery-1.12.4.js [36m304 [0m1.920 ms - -[0m
[0mGET /bootstrap/com.js [36m304 [0m2.016 ms - -[0m
[0mGET /bootstrap/jquery.dataTables.min.js [36m304 [0m2.104 ms - -[0m
[0mGET /bootstrap/log_warnning.css [36m304 [0m2.166 ms - -[0m
[0mGET /bootstrap/jquery.dataTables.min.css [36m304 [0m2.274 ms - -[0m
[0mGET /bootstrap/bootstrap.min.css [36m304 [0m2.388 ms - -[0m
[0mGET /images/sort_both.png [33m404 [0m1.088 ms - 786[0m
[0mGET / [36m304 [0m7.782 ms - -[0m
[0mGET /bootstrap/jquery-1.12.4.js [36m304 [0m1.874 ms - -[0m
[0mGET /bootstrap/jquery.dataTables.min.js [36m304 [0m1.967 ms - -[0m
[0mGET /bootstrap/com.js [36m304 [0m2.073 ms - -[0m
[0mGET /bootstrap/jquery.dataTables.min.css [36m304 [0m2.143 ms - -[0m
[0mGET /bootstrap/log_warnning.css [36m304 [0m2.232 ms - -[0m
[0mGET /bootstrap/bootstrap.min.css [36m304 [0m2.528 ms - -[0m
[0mGET /images/sort_both.png [33m404 [0m1.515 ms - 786[0m
[0mGET / [36m304 [0m4.871 ms - -[0m
[0mGET /bootstrap/jquery-1.12.4.js [36m304 [0m1.443 ms - -[0m
[0mGET /bootstrap/com.js [36m304 [0m1.479 ms - -[0m
[0mGET /bootstrap/jquery.dataTables.min.js [36m304 [0m1.551 ms - -[0m
[0mGET /bootstrap/log_warnning.css [36m304 [0m1.628 ms - -[0m
[0mGET /bootstrap/jquery.dataTables.min.css [36m304 [0m0.696 ms - -[0m
[0mGET /bootstrap/bootstrap.min.css [36m304 [0m0.765 ms - -[0m
[0mGET /images/sort_both.png [33m404 [0m1.109 ms - 786[0m
[0mGET / [36m304 [0m6.463 ms - -[0m
[0mGET /bootstrap/jquery-1.12.4.js [36m304 [0m1.892 ms - -[0m
[0mGET /bootstrap/com.js [36m304 [0m3.096 ms - -[0m
[0mGET /bootstrap/jquery.dataTables.min.js [36m304 [0m3.210 ms - -[0m
[0mGET /bootstrap/jquery.dataTables.min.css [36m304 [0m3.307 ms - -[0m
[0mGET /bootstrap/log_warnning.css [36m304 [0m3.952 ms - -[0m
[0mGET /bootstrap/bootstrap.min.css [36m304 [0m4.107 ms - -[0m
[0mGET /images/sort_both.png [33m404 [0m1.083 ms - 786[0m
[0mGET / [36m304 [0m3.685 ms - -[0m
[0mGET /bootstrap/jquery-1.12.4.js [36m304 [0m2.893 ms - -[0m
[0mGET /bootstrap/jquery.dataTables.min.js [36m304 [0m2.322 ms - -[0m
[0mGET /bootstrap/com.js [36m304 [0m2.180 ms - -[0m
[0mGET /bootstrap/jquery.dataTables.min.css [36m304 [0m2.178 ms - -[0m
[0mGET /bootstrap/log_warnning.css [36m304 [0m2.234 ms - -[0m
[0mGET /bootstrap/bootstrap.min.css [36m304 [0m2.307 ms - -[0m
[0mGET /images/sort_both.png [33m404 [0m1.087 ms - 786[0m
[0mGET / [36m304 [0m7.307 ms - -[0m
[0mGET /bootstrap/jquery-1.12.4.js [36m304 [0m2.060 ms - -[0m
[0mGET /bootstrap/com.js [36m304 [0m2.061 ms - -[0m
[0mGET /bootstrap/jquery.dataTables.min.js [36m304 [0m2.162 ms - -[0m
[0mGET /bootstrap/jquery.dataTables.min.css [36m304 [0m2.218 ms - -[0m
[0mGET /bootstrap/log_warnning.css [36m304 [0m2.275 ms - -[0m
[0mGET /bootstrap/bootstrap.min.css [36m304 [0m2.350 ms - -[0m
[0mGET /images/sort_both.png [33m404 [0m2.454 ms - 786[0m
[0mGET / [36m304 [0m5.153 ms - -[0m
[0mGET /bootstrap/jquery-1.12.4.js [36m304 [0m2.208 ms - -[0m
[0mGET /bootstrap/com.js [36m304 [0m2.297 ms - -[0m
[0mGET /bootstrap/jquery.dataTables.min.css [36m304 [0m2.401 ms - -[0m
[0mGET /bootstrap/log_warnning.css [36m304 [0m2.453 ms - -[0m
[0mGET /bootstrap/bootstrap.min.css [36m304 [0m2.552 ms - -[0m
[0mGET /bootstrap/jquery.dataTables.min.js [36m304 [0m2.662 ms - -[0m
[0mGET /images/sort_both.png [33m404 [0m1.529 ms - 786[0m
[0mGET /list [33m404 [0m3.885 ms - 786[0m
[0mGET /u [36m304 [0m3.953 ms - -[0m
[0mGET /bootstrap/jquery-1.12.4.js [36m304 [0m0.848 ms - -[0m
[0mGET /bootstrap/jquery.dataTables.min.css [36m304 [0m0.452 ms - -[0m
[0mGET /bootstrap/com.js [36m304 [0m0.424 ms - -[0m
[0mGET /bootstrap/jquery.dataTables.min.js [36m304 [0m0.445 ms - -[0m
[0mGET /bootstrap/log_warnning.css [36m304 [0m1.214 ms - -[0m
[0mGET /bootstrap/bootstrap.min.css [36m304 [0m0.352 ms - -[0m
[0mGET /bootstrap/buttons.css [36m304 [0m0.427 ms - -[0m
[0mGET /u [36m304 [0m3.856 ms - -[0m
[0mGET /bootstrap/jquery-1.12.4.js [36m304 [0m0.464 ms - -[0m
[0mGET /bootstrap/com.js [36m304 [0m0.390 ms - -[0m
[0mGET /bootstrap/jquery.dataTables.min.js [36m304 [0m0.799 ms - -[0m
[0mGET /bootstrap/jquery.dataTables.min.css [36m304 [0m0.893 ms - -[0m
[0mGET /bootstrap/log_warnning.css [36m304 [0m0.988 ms - -[0m
[0mGET /bootstrap/bootstrap.min.css [36m304 [0m1.041 ms - -[0m
[0mGET /bootstrap/buttons.css [36m304 [0m1.094 ms - -[0m
[0mPOST /u [32m200 [0m0.777 ms - -[0m
[0mGET / [32m200 [0m6.802 ms - 4547[0m
[0mGET /bootstrap/jquery-1.12.4.js [36m304 [0m0.532 ms - -[0m
[0mGET /bootstrap/com.js [36m304 [0m1.571 ms - -[0m
[0mGET /bootstrap/jquery.dataTables.min.js [36m304 [0m1.622 ms - -[0m
[0mGET /bootstrap/jquery.dataTables.min.css [36m304 [0m1.719 ms - -[0m
[0mGET /bootstrap/log_warnning.css [36m304 [0m3.105 ms - -[0m
[0mGET /bootstrap/bootstrap.min.css [36m304 [0m3.193 ms - -[0m
[0mGET /images/sort_both.png [33m404 [0m1.242 ms - 786[0m
[0mGET /resource/upload_105c1f57b8dbed6b95d3085d2eb48a1e.gz [32m200 [0m2.054 ms - 181367942[0m
[0mGET /u [32m200 [0m21.757 ms - 4060[0m
[0mGET /bootstrap/jquery-1.12.4.js [36m304 [0m4.080 ms - -[0m
[0mGET /bootstrap/com.js [36m304 [0m4.067 ms - -[0m
[0mGET /bootstrap/jquery.dataTables.min.js [36m304 [0m5.117 ms - -[0m
[0mGET /bootstrap/jquery.dataTables.min.css [36m304 [0m1.617 ms - -[0m
[0mGET /bootstrap/log_warnning.css [36m304 [0m1.607 ms - -[0m
[0mGET /bootstrap/bootstrap.min.css [36m304 [0m1.592 ms - -[0m
[0mGET /bootstrap/buttons.css [36m304 [0m0.404 ms - -[0m
[0mPOST /u [32m200 [0m3.498 ms - -[0m
[0mGET / [32m200 [0m18.102 ms - 4725[0m
[0mGET /bootstrap/jquery-1.12.4.js [36m304 [0m1.082 ms - -[0m
[0mGET /bootstrap/com.js [36m304 [0m1.059 ms - -[0m
[0mGET /bootstrap/jquery.dataTables.min.js [36m304 [0m1.071 ms - -[0m
[0mGET /bootstrap/jquery.dataTables.min.css [36m304 [0m1.108 ms - -[0m
[0mGET /bootstrap/log_warnning.css [36m304 [0m0.809 ms - -[0m
[0mGET /bootstrap/bootstrap.min.css [36m304 [0m0.851 ms - -[0m
[0mGET /images/sort_both.png [33m404 [0m2.465 ms - 786[0m
[0mGET /resource/upload_cd5559b75768dc2f39b82b4b462f1662.sh [32m200 [0m4.004 ms - 18722[0m
[0mGET /resource/upload_cd5559b75768dc2f39b82b4b462f1662.sh [32m200 [0m1.231 ms - 18722[0m
[0mGET /u [32m200 [0m2.733 ms - 4060[0m
[0mGET /bootstrap/jquery-1.12.4.js [36m304 [0m0.534 ms - -[0m
[0mGET /bootstrap/com.js [36m304 [0m0.761 ms - -[0m
[0mGET /bootstrap/jquery.dataTables.min.js [36m304 [0m0.911 ms - -[0m
[0mGET /bootstrap/jquery.dataTables.min.css [36m304 [0m0.693 ms - -[0m
[0mGET /bootstrap/log_warnning.css [36m304 [0m0.755 ms - -[0m
[0mGET /bootstrap/buttons.css [36m304 [0m0.909 ms - -[0m
[0mGET /bootstrap/bootstrap.min.css [36m304 [0m0.951 ms - -[0m
[0mPOST /u [32m200 [0m0.595 ms - -[0m
[0mGET / [32m200 [0m5.902 ms - 4902[0m
[0mGET /bootstrap/jquery-1.12.4.js [36m304 [0m1.375 ms - -[0m
[0mGET /bootstrap/com.js [36m304 [0m1.312 ms - -[0m
[0mGET /bootstrap/jquery.dataTables.min.js [36m304 [0m1.395 ms - -[0m
[0mGET /bootstrap/jquery.dataTables.min.css [36m304 [0m1.522 ms - -[0m
[0mGET /bootstrap/log_warnning.css [36m304 [0m1.812 ms - -[0m
[0mGET /bootstrap/bootstrap.min.css [36m304 [0m2.963 ms - -[0m
[0mGET /images/sort_both.png [33m404 [0m1.550 ms - 786[0m
[0mGET /resource/upload_6ac541bcc401ddb9db5df915b5ca2662.gz [32m200 [0m1.014 ms - 181367942[0m
[0mGET / [36m304 [0m7.535 ms - -[0m
[0mGET /bootstrap/jquery-1.12.4.js [36m304 [0m0.546 ms - -[0m
[0mGET /bootstrap/com.js [36m304 [0m0.839 ms - -[0m
[0mGET /bootstrap/jquery.dataTables.min.js [36m304 [0m1.234 ms - -[0m
[0mGET /bootstrap/jquery.dataTables.min.css [36m304 [0m1.314 ms - -[0m
[0mGET /bootstrap/log_warnning.css [36m304 [0m0.862 ms - -[0m
[0mGET /bootstrap/bootstrap.min.css [36m304 [0m0.325 ms - -[0m
[0mGET /images/sort_both.png [33m404 [0m1.242 ms - 786[0m
[0mGET / [36m304 [0m7.297 ms - -[0m
[0mGET /bootstrap/jquery-1.12.4.js [36m304 [0m0.507 ms - -[0m
[0mGET /bootstrap/com.js [36m304 [0m0.513 ms - -[0m
[0mGET /bootstrap/jquery.dataTables.min.css [36m304 [0m1.033 ms - -[0m
[0mGET /bootstrap/log_warnning.css [36m304 [0m1.014 ms - -[0m
[0mGET /bootstrap/bootstrap.min.css [36m304 [0m1.452 ms - -[0m
[0mGET /bootstrap/jquery.dataTables.min.js [36m304 [0m0.669 ms - -[0m
[0mGET /images/sort_both.png [33m404 [0m1.441 ms - 786[0m
[0mGET / [32m200 [0m4.861 ms - 4902[0m
[0mGET / [32m200 [0m4.807 ms - 4902[0m
[0mGET /bootstrap/jquery.dataTables.min.css [32m200 [0m1.567 ms - 13587[0m
[0mGET /bootstrap/log_warnning.css [32m200 [0m1.174 ms - 254[0m
[0mGET /bootstrap/com.js [32m200 [0m2.182 ms - 94[0m
[0mGET /bootstrap/jquery.dataTables.min.js [32m200 [0m0.648 ms - 83059[0m
[0mGET /bootstrap/bootstrap.min.css [32m200 [0m2.196 ms - 121200[0m
[0mGET /bootstrap/jquery-1.12.4.js [32m200 [0m1.544 ms - 293430[0m
[0mGET /images/sort_both.png [33m404 [0m1.356 ms - 786[0m
[0mGET /u [32m200 [0m1.902 ms - 4060[0m
[0mGET /bootstrap/jquery-1.12.4.js [36m304 [0m0.585 ms - -[0m
[0mGET /bootstrap/com.js [36m304 [0m0.448 ms - -[0m
[0mGET /bootstrap/jquery.dataTables.min.js [36m304 [0m0.404 ms - -[0m
[0mGET /bootstrap/jquery.dataTables.min.css [36m304 [0m0.449 ms - -[0m
[0mGET /bootstrap/log_warnning.css [36m304 [0m0.440 ms - -[0m
[0mGET /bootstrap/bootstrap.min.css [36m304 [0m0.385 ms - -[0m
[0mGET /bootstrap/buttons.css [32m200 [0m0.958 ms - 82038[0m
[0mGET /u [32m200 [0m1.824 ms - 4060[0m
[0mGET /bootstrap/com.js [32m200 [0m0.742 ms - 94[0m
[0mGET /bootstrap/jquery.dataTables.min.css [32m200 [0m0.720 ms - 13587[0m
[0mGET /bootstrap/log_warnning.css [32m200 [0m0.774 ms - 254[0m
[0mGET /bootstrap/buttons.css [32m200 [0m0.734 ms - 82038[0m
[0mGET /bootstrap/bootstrap.min.css [32m200 [0m0.795 ms - 121200[0m
[0mGET /bootstrap/jquery.dataTables.min.js [32m200 [0m0.973 ms - 83059[0m
[0mGET /bootstrap/jquery-1.12.4.js [32m200 [0m1.442 ms - 293430[0m
[0mGET /favicon.ico [33m404 [0m1.590 ms - 786[0m
[0mGET / [36m304 [0m4.569 ms - -[0m
[0mGET /bootstrap/jquery-1.12.4.js [36m304 [0m3.435 ms - -[0m
[0mGET /bootstrap/com.js [36m304 [0m0.835 ms - -[0m
[0mGET /bootstrap/jquery.dataTables.min.js [36m304 [0m0.371 ms - -[0m
[0mGET /bootstrap/jquery.dataTables.min.css [36m304 [0m0.615 ms - -[0m
[0mGET /bootstrap/log_warnning.css [36m304 [0m0.691 ms - -[0m
[0mGET /bootstrap/bootstrap.min.css [36m304 [0m0.361 ms - -[0m
[0mGET /images/sort_both.png [33m404 [0m1.108 ms - 786[0m
[0mGET /u [36m304 [0m1.809 ms - -[0m
[0mGET /bootstrap/jquery-1.12.4.js [36m304 [0m0.836 ms - -[0m
[0mGET /bootstrap/com.js [36m304 [0m0.825 ms - -[0m
[0mGET /bootstrap/jquery.dataTables.min.js [36m304 [0m0.473 ms - -[0m
[0mGET /bootstrap/jquery.dataTables.min.css [36m304 [0m0.711 ms - -[0m
[0mGET /bootstrap/log_warnning.css [36m304 [0m0.746 ms - -[0m
[0mGET /bootstrap/bootstrap.min.css [36m304 [0m0.330 ms - -[0m
[0mGET /bootstrap/buttons.css [32m206 [0m4.282 ms - 1[0m
[0mGET /bootstrap/buttons.css [32m206 [0m0.871 ms - 32558[0m
[0mGET /u [36m304 [0m1.732 ms - -[0m
[0mGET /bootstrap/jquery-1.12.4.js [36m304 [0m0.930 ms - -[0m
[0mGET /bootstrap/com.js [36m304 [0m0.934 ms - -[0m
[0mGET /bootstrap/jquery.dataTables.min.js [36m304 [0m0.431 ms - -[0m
[0mGET /bootstrap/jquery.dataTables.min.css [36m304 [0m0.661 ms - -[0m
[0mGET /bootstrap/log_warnning.css [36m304 [0m0.652 ms - -[0m
[0mGET /bootstrap/bootstrap.min.css [36m304 [0m0.712 ms - -[0m
[0mGET /bootstrap/buttons.css [36m304 [0m0.472 ms - -[0m
[0mGET / [36m304 [0m5.435 ms - -[0m
[0mGET /bootstrap/jquery-1.12.4.js [36m304 [0m0.413 ms - -[0m
[0mGET /bootstrap/log_warnning.css [36m304 [0m3.077 ms - -[0m
[0mGET /bootstrap/bootstrap.min.css [36m304 [0m2.864 ms - -[0m
[0mGET /bootstrap/jquery.dataTables.min.js [36m304 [0m3.565 ms - -[0m
[0mGET /bootstrap/jquery.dataTables.min.css [36m304 [0m1.095 ms - -[0m
[0mGET /bootstrap/com.js [36m304 [0m1.137 ms - -[0m
[0mGET /images/sort_both.png [33m404 [0m1.217 ms - 786[0m
[0mGET /favicon.ico [33m404 [0m3.408 ms - 786[0m
[0mGET / [32m200 [0m12.375 ms - 4902[0m
[0mGET /bootstrap/com.js [32m200 [0m1.551 ms - 94[0m
[0mGET /bootstrap/jquery.dataTables.min.css [32m200 [0m2.053 ms - 13587[0m
[0mGET /bootstrap/log_warnning.css [32m200 [0m1.788 ms - 254[0m
[0mGET /bootstrap/jquery.dataTables.min.js [32m200 [0m0.768 ms - 83059[0m
[0mGET /bootstrap/bootstrap.min.css [32m200 [0m2.032 ms - 121200[0m
[0mGET /bootstrap/jquery-1.12.4.js [32m200 [0m2.415 ms - 293430[0m
[0mGET /images/sort_both.png [33m404 [0m1.967 ms - 786[0m
[0mGET /favicon.ico [33m404 [0m1.531 ms - 786[0m
[0mGET /rule/filter/editor?id%3D599d11a8eb96d91a92370405%26t%3Djava1.8%E5%AE%89%E8%A3%85%E6%96%87%E4%BB%B6 [33m404 [0m3.606 ms - 786[0m
[0mGET /rule/filter/list [33m404 [0m1.342 ms - 786[0m
[0mPOST /u [32m200 [0m0.582 ms - -[0m
[0mGET / [32m200 [0m5.653 ms - 5082[0m
[0mGET /bootstrap/jquery-1.12.4.js [36m304 [0m0.602 ms - -[0m
[0mGET /bootstrap/com.js [36m304 [0m1.483 ms - -[0m
[0mGET /bootstrap/jquery.dataTables.min.js [36m304 [0m1.183 ms - -[0m
[0mGET /bootstrap/jquery.dataTables.min.css [36m304 [0m0.691 ms - -[0m
[0mGET /bootstrap/log_warnning.css [36m304 [0m0.738 ms - -[0m
[0mGET /bootstrap/bootstrap.min.css [36m304 [0m0.434 ms - -[0m
[0mGET /images/sort_both.png [33m404 [0m1.126 ms - 786[0m
[0mGET / [32m200 [0m4.842 ms - 5082[0m
[0mGET / [32m200 [0m6.275 ms - 5082[0m
[0mGET / [32m200 [0m4.592 ms - 5082[0m
[0mGET / [32m200 [0m4.335 ms - 5082[0m
[0mGET / [32m200 [0m4.487 ms - 5082[0m
[0mGET / [32m200 [0m4.481 ms - 5082[0m
[0mGET / [32m200 [0m5.970 ms - 5082[0m
[0mGET / [36m304 [0m13.316 ms - -[0m
[0mGET /bootstrap/jquery-1.12.4.js [36m304 [0m2.386 ms - -[0m
[0mGET /bootstrap/com.js [36m304 [0m2.048 ms - -[0m
[0mGET /bootstrap/jquery.dataTables.min.js [36m304 [0m1.919 ms - -[0m
[0mGET /bootstrap/jquery.dataTables.min.css [36m304 [0m1.078 ms - -[0m
[0mGET /bootstrap/log_warnning.css [36m304 [0m1.077 ms - -[0m
[0mGET /bootstrap/bootstrap.min.css [36m304 [0m1.086 ms - -[0m
[0mGET /images/sort_both.png [33m404 [0m2.142 ms - 786[0m
[0mGET / [36m304 [0m5.115 ms - -[0m
[0mGET /bootstrap/jquery-1.12.4.js [36m304 [0m1.738 ms - -[0m
[0mGET /bootstrap/com.js [36m304 [0m1.690 ms - -[0m
[0mGET /bootstrap/jquery.dataTables.min.js [36m304 [0m1.765 ms - -[0m
[0mGET /bootstrap/jquery.dataTables.min.css [36m304 [0m1.845 ms - -[0m
[0mGET /bootstrap/log_warnning.css [36m304 [0m1.887 ms - -[0m
[0mGET /bootstrap/bootstrap.min.css [36m304 [0m0.315 ms - -[0m
[0mGET /images/sort_both.png [33m404 [0m1.588 ms - 786[0m
[0mGET / [36m304 [0m6.829 ms - -[0m
[0mGET /bootstrap/jquery-1.12.4.js [36m304 [0m1.913 ms - -[0m
[0mGET /bootstrap/com.js [36m304 [0m1.912 ms - -[0m
[0mGET /bootstrap/jquery.dataTables.min.js [36m304 [0m1.978 ms - -[0m
[0mGET /bootstrap/jquery.dataTables.min.css [36m304 [0m2.040 ms - -[0m
[0mGET /bootstrap/log_warnning.css [36m304 [0m2.100 ms - -[0m
[0mGET /bootstrap/bootstrap.min.css [36m304 [0m2.175 ms - -[0m
[0mGET /images/sort_both.png [33m404 [0m1.084 ms - 786[0m
[0mPOST /delrow [32m200 [0m7.522 ms - -[0m
{"_id":"599e97c9eb96d91a92370406"}
[0mGET / [32m200 [0m4.022 ms - 4902[0m
[0mGET /bootstrap/jquery-1.12.4.js [36m304 [0m0.881 ms - -[0m
[0mGET /bootstrap/com.js [36m304 [0m0.871 ms - -[0m
[0mGET /bootstrap/jquery.dataTables.min.css [36m304 [0m0.675 ms - -[0m
[0mGET /bootstrap/jquery.dataTables.min.js [36m304 [0m0.744 ms - -[0m
[0mGET /bootstrap/log_warnning.css [36m304 [0m0.705 ms - -[0m
[0mGET /bootstrap/bootstrap.min.css [36m304 [0m0.715 ms - -[0m
[0mGET /images/sort_both.png [33m404 [0m1.171 ms - 786[0m
[0mPOST /u [32m200 [0m0.422 ms - -[0m
[0mGET / [32m200 [0m5.082 ms - 5082[0m
[0mGET /bootstrap/jquery-1.12.4.js [36m304 [0m0.825 ms - -[0m
[0mGET /bootstrap/com.js [36m304 [0m1.217 ms - -[0m
[0mGET /bootstrap/jquery.dataTables.min.js [36m304 [0m2.372 ms - -[0m
[0mGET /bootstrap/jquery.dataTables.min.css [36m304 [0m1.697 ms - -[0m
[0mGET /bootstrap/log_warnning.css [36m304 [0m1.728 ms - -[0m
[0mGET /bootstrap/bootstrap.min.css [36m304 [0m1.462 ms - -[0m
[0mGET /images/sort_both.png [33m404 [0m1.094 ms - 786[0m
[0mGET / [36m304 [0m6.500 ms - -[0m
[0mGET /bootstrap/jquery-1.12.4.js [36m304 [0m0.855 ms - -[0m
[0mGET /bootstrap/com.js [36m304 [0m2.967 ms - -[0m
[0mGET /bootstrap/jquery.dataTables.min.js [36m304 [0m3.899 ms - -[0m
[0mGET /bootstrap/jquery.dataTables.min.css [36m304 [0m1.417 ms - -[0m
[0mGET /bootstrap/log_warnning.css [36m304 [0m1.445 ms - -[0m
[0mGET /bootstrap/bootstrap.min.css [36m304 [0m1.476 ms - -[0m
[0mGET /images/sort_both.png [33m404 [0m1.078 ms - 786[0m
[0mGET / [36m304 [0m5.101 ms - -[0m
[0mGET /bootstrap/jquery-1.12.4.js [36m304 [0m1.157 ms - -[0m
[0mGET /bootstrap/com.js [36m304 [0m1.167 ms - -[0m
[0mGET /bootstrap/jquery.dataTables.min.js [36m304 [0m1.870 ms - -[0m
[0mGET /bootstrap/jquery.dataTables.min.css [36m304 [0m1.065 ms - -[0m
[0mGET /bootstrap/log_warnning.css [36m304 [0m1.095 ms - -[0m
[0mGET /bootstrap/bootstrap.min.css [36m304 [0m0.402 ms - -[0m
[0mGET /images/sort_both.png [33m404 [0m1.836 ms - 786[0m
[0mPOST /u [32m200 [0m0.296 ms - -[0m
[0mGET / [32m200 [0m7.484 ms - 5252[0m
[0mGET /bootstrap/jquery-1.12.4.js [36m304 [0m0.478 ms - -[0m
[0mGET /bootstrap/com.js [36m304 [0m0.776 ms - -[0m
[0mGET /bootstrap/jquery.dataTables.min.js [36m304 [0m0.817 ms - -[0m
[0mGET /bootstrap/jquery.dataTables.min.css [36m304 [0m0.458 ms - -[0m
[0mGET /bootstrap/log_warnning.css [36m304 [0m0.696 ms - -[0m
[0mGET /bootstrap/bootstrap.min.css [36m304 [0m0.712 ms - -[0m
[0mGET /images/sort_both.png [33m404 [0m1.493 ms - 786[0m
[0mGET / [36m304 [0m5.026 ms - -[0m
[0mGET /bootstrap/jquery-1.12.4.js [36m304 [0m3.570 ms - -[0m
[0mGET /bootstrap/com.js [36m304 [0m3.553 ms - -[0m
[0mGET /bootstrap/jquery.dataTables.min.js [36m304 [0m3.545 ms - -[0m
[0mGET /bootstrap/jquery.dataTables.min.css [36m304 [0m1.485 ms - -[0m
[0mGET /bootstrap/log_warnning.css [36m304 [0m0.640 ms - -[0m
[0mGET /bootstrap/bootstrap.min.css [36m304 [0m0.689 ms - -[0m
[0mGET /bootstrap/log_warnning.css [32m200 [0m1.811 ms - 254[0m
[0mGET /images/sort_both.png [33m404 [0m1.411 ms - 786[0m
[0mGET /rule/filter/editor?id%3D599f9955eb96d91a92370408%26t%3Dmysql%20jdbc [33m404 [0m3.734 ms - 786[0m
[0mGET /rule/filter/list [33m404 [0m1.219 ms - 786[0m
[0mGET / [36m304 [0m5.292 ms - -[0m
[0mGET /bootstrap/jquery-1.12.4.js [36m304 [0m2.289 ms - -[0m
[0mGET /bootstrap/com.js [36m304 [0m1.663 ms - -[0m
[0mGET /bootstrap/jquery.dataTables.min.js [36m304 [0m2.687 ms - -[0m
[0mGET /bootstrap/jquery.dataTables.min.css [36m304 [0m1.960 ms - -[0m
[0mGET /bootstrap/log_warnning.css [36m304 [0m1.799 ms - -[0m
[0mGET /bootstrap/bootstrap.min.css [36m304 [0m1.431 ms - -[0m
[0mGET /images/sort_both.png [33m404 [0m1.513 ms - 786[0m
[0mGET / [36m304 [0m53.664 ms - -[0m
[0mGET /bootstrap/jquery-1.12.4.js [36m304 [0m2.818 ms - -[0m
[0mGET /bootstrap/com.js [36m304 [0m0.519 ms - -[0m
[0mGET /bootstrap/jquery.dataTables.min.css [36m304 [0m1.052 ms - -[0m
[0mGET /bootstrap/log_warnning.css [36m304 [0m1.355 ms - -[0m
[0mGET /bootstrap/bootstrap.min.css [36m304 [0m0.707 ms - -[0m
[0mGET /bootstrap/jquery.dataTables.min.js [36m304 [0m0.319 ms - -[0m
[0mGET /images/sort_both.png [33m404 [0m2.642 ms - 786[0m
[0mGET /u [32m200 [0m3.102 ms - 4060[0m
[0mGET /bootstrap/jquery-1.12.4.js [36m304 [0m0.520 ms - -[0m
[0mGET /bootstrap/com.js [36m304 [0m0.438 ms - -[0m
[0mGET /bootstrap/jquery.dataTables.min.js [36m304 [0m0.319 ms - -[0m
[0mGET /bootstrap/jquery.dataTables.min.css [36m304 [0m0.408 ms - -[0m
[0mGET /bootstrap/log_warnning.css [36m304 [0m0.396 ms - -[0m
[0mGET /bootstrap/bootstrap.min.css [36m304 [0m0.321 ms - -[0m
[0mGET /bootstrap/buttons.css [32m200 [0m4.568 ms - 82038[0m
[0mPOST /u [32m200 [0m3.638 ms - -[0m
[0mGET / [32m200 [0m9.276 ms - 5416[0m
[0mGET /bootstrap/jquery-1.12.4.js [36m304 [0m7.799 ms - -[0m
[0mGET /bootstrap/com.js [36m304 [0m6.184 ms - -[0m
[0mGET /bootstrap/jquery.dataTables.min.js [36m304 [0m5.391 ms - -[0m
[0mGET /bootstrap/jquery.dataTables.min.css [36m304 [0m5.294 ms - -[0m
[0mGET /bootstrap/log_warnning.css [36m304 [0m5.389 ms - -[0m
[0mGET /bootstrap/bootstrap.min.css [36m304 [0m5.436 ms - -[0m
[0mGET /images/sort_both.png [33m404 [0m8.319 ms - 786[0m
[0mPOST /u [32m200 [0m0.780 ms - -[0m
[0mGET / [32m200 [0m9.107 ms - 5574[0m
[0mGET /bootstrap/jquery-1.12.4.js [36m304 [0m2.749 ms - -[0m
[0mGET /bootstrap/com.js [36m304 [0m2.722 ms - -[0m
[0mGET /bootstrap/jquery.dataTables.min.js [36m304 [0m2.614 ms - -[0m
[0mGET /bootstrap/jquery.dataTables.min.css [36m304 [0m4.845 ms - -[0m
[0mGET /bootstrap/log_warnning.css [36m304 [0m4.962 ms - -[0m
[0mGET /bootstrap/bootstrap.min.css [36m304 [0m5.039 ms - -[0m
[0mGET /images/sort_both.png [33m404 [0m1.493 ms - 786[0m
[0mGET / [36m304 [0m6.095 ms - -[0m
[0mGET /bootstrap/jquery-1.12.4.js [36m304 [0m4.413 ms - -[0m
[0mGET /bootstrap/com.js [36m304 [0m1.822 ms - -[0m
[0mGET /bootstrap/jquery.dataTables.min.js [36m304 [0m1.848 ms - -[0m
[0mGET /bootstrap/jquery.dataTables.min.css [36m304 [0m2.824 ms - -[0m
[0mGET /bootstrap/log_warnning.css [36m304 [0m1.312 ms - -[0m
[0mGET /bootstrap/bootstrap.min.css [36m304 [0m1.307 ms - -[0m
[0mGET /images/sort_both.png [33m404 [0m1.238 ms - 786[0m
[0mGET / [36m304 [0m4.963 ms - -[0m
[0mGET /bootstrap/jquery-1.12.4.js [36m304 [0m0.868 ms - -[0m
[0mGET /bootstrap/com.js [36m304 [0m1.664 ms - -[0m
[0mGET /bootstrap/jquery.dataTables.min.js [36m304 [0m1.153 ms - -[0m
[0mGET /bootstrap/jquery.dataTables.min.css [36m304 [0m1.857 ms - -[0m
[0mGET /bootstrap/log_warnning.css [36m304 [0m1.067 ms - -[0m
[0mGET /bootstrap/bootstrap.min.css [36m304 [0m1.070 ms - -[0m
[0mGET /images/sort_both.png [33m404 [0m1.061 ms - 786[0m
[0mGET / [36m304 [0m4.745 ms - -[0m
[0mGET /bootstrap/jquery-1.12.4.js [36m304 [0m1.825 ms - -[0m
[0mGET /bootstrap/com.js [36m304 [0m3.612 ms - -[0m
[0mGET /bootstrap/jquery.dataTables.min.js [36m304 [0m3.744 ms - -[0m
[0mGET /bootstrap/jquery.dataTables.min.css [36m304 [0m6.055 ms - -[0m
[0mGET /bootstrap/log_warnning.css [36m304 [0m2.096 ms - -[0m
[0mGET /bootstrap/bootstrap.min.css [36m304 [0m2.074 ms - -[0m
[0mGET /images/sort_both.png [33m404 [0m2.256 ms - 786[0m
[0mGET / [36m304 [0m6.744 ms - -[0m
[0mGET /bootstrap/jquery-1.12.4.js [36m304 [0m1.880 ms - -[0m
[0mGET /bootstrap/com.js [36m304 [0m1.178 ms - -[0m
[0mGET /bootstrap/jquery.dataTables.min.js [36m304 [0m3.272 ms - -[0m
[0mGET /bootstrap/jquery.dataTables.min.css [36m304 [0m2.409 ms - -[0m
[0mGET /bootstrap/log_warnning.css [36m304 [0m2.437 ms - -[0m
[0mGET /bootstrap/bootstrap.min.css [36m304 [0m2.468 ms - -[0m
[0mGET /images/sort_both.png [33m404 [0m1.975 ms - 786[0m
[0mGET / [36m304 [0m6.406 ms - -[0m
[0mGET /bootstrap/jquery-1.12.4.js [36m304 [0m5.156 ms - -[0m
[0mGET /bootstrap/com.js [36m304 [0m5.167 ms - -[0m
[0mGET /bootstrap/jquery.dataTables.min.js [36m304 [0m2.144 ms - -[0m
[0mGET /bootstrap/jquery.dataTables.min.css [36m304 [0m2.082 ms - -[0m
[0mGET /bootstrap/log_warnning.css [36m304 [0m4.392 ms - -[0m
[0mGET /bootstrap/bootstrap.min.css [36m304 [0m1.412 ms - -[0m
[0mGET /images/sort_both.png [33m404 [0m2.098 ms - 786[0m
[0mGET / [36m304 [0m7.590 ms - -[0m
[0mGET /bootstrap/com.js [36m304 [0m3.340 ms - -[0m
[0mGET /bootstrap/jquery-1.12.4.js [36m304 [0m3.010 ms - -[0m
[0mGET /bootstrap/jquery.dataTables.min.js [36m304 [0m2.007 ms - -[0m
[0mGET /bootstrap/jquery.dataTables.min.css [36m304 [0m2.003 ms - -[0m
[0mGET /bootstrap/log_warnning.css [36m304 [0m2.000 ms - -[0m
[0mGET /bootstrap/bootstrap.min.css [36m304 [0m1.158 ms - -[0m
[0mGET /images/sort_both.png [33m404 [0m1.594 ms - 786[0m
[0mGET / [36m304 [0m9.641 ms - -[0m
[0mGET /bootstrap/jquery-1.12.4.js [36m304 [0m2.411 ms - -[0m
[0mGET /bootstrap/com.js [36m304 [0m2.303 ms - -[0m
[0mGET /bootstrap/jquery.dataTables.min.js [36m304 [0m2.201 ms - -[0m
[0mGET /bootstrap/jquery.dataTables.min.css [36m304 [0m2.275 ms - -[0m
[0mGET /bootstrap/log_warnning.css [36m304 [0m0.795 ms - -[0m
[0mGET /bootstrap/bootstrap.min.css [36m304 [0m0.815 ms - -[0m
[0mGET /images/sort_both.png [33m404 [0m1.584 ms - 786[0m
[0mGET / [36m304 [0m5.143 ms - -[0m
[0mGET /bootstrap/jquery-1.12.4.js [36m304 [0m0.433 ms - -[0m
[0mGET /bootstrap/com.js [36m304 [0m0.726 ms - -[0m
[0mGET /bootstrap/jquery.dataTables.min.js [36m304 [0m0.848 ms - -[0m
[0mGET /bootstrap/jquery.dataTables.min.css [36m304 [0m1.069 ms - -[0m
[0mGET /bootstrap/bootstrap.min.css [36m304 [0m1.064 ms - -[0m
[0mGET /bootstrap/log_warnning.css [36m304 [0m1.132 ms - -[0m
[0mGET /images/sort_both.png [33m404 [0m1.098 ms - 786[0m
[0mGET / [36m304 [0m3.971 ms - -[0m
[0mGET /bootstrap/jquery-1.12.4.js [36m304 [0m1.407 ms - -[0m
[0mGET /bootstrap/com.js [36m304 [0m1.348 ms - -[0m
[0mGET /bootstrap/jquery.dataTables.min.js [36m304 [0m1.325 ms - -[0m
[0mGET /bootstrap/jquery.dataTables.min.css [36m304 [0m1.037 ms - -[0m
[0mGET /bootstrap/log_warnning.css [36m304 [0m1.076 ms - -[0m
[0mGET /bootstrap/bootstrap.min.css [36m304 [0m1.116 ms - -[0m
[0mGET /images/sort_both.png [33m404 [0m1.096 ms - 786[0m
[0mGET / [36m304 [0m3.904 ms - -[0m
[0mGET /bootstrap/jquery-1.12.4.js [36m304 [0m1.785 ms - -[0m
[0mGET /bootstrap/com.js [36m304 [0m1.756 ms - -[0m
[0mGET /bootstrap/jquery.dataTables.min.js [36m304 [0m1.808 ms - -[0m
[0mGET /bootstrap/jquery.dataTables.min.css [36m304 [0m1.856 ms - -[0m
[0mGET /bootstrap/log_warnning.css [36m304 [0m2.321 ms - -[0m
[0mGET /bootstrap/bootstrap.min.css [36m304 [0m0.756 ms - -[0m
[0mGET /images/sort_both.png [33m404 [0m1.179 ms - 786[0m
[0mGET / [36m304 [0m4.077 ms - -[0m
[0mGET /bootstrap/jquery-1.12.4.js [36m304 [0m1.535 ms - -[0m
[0mGET /bootstrap/com.js [36m304 [0m1.543 ms - -[0m
[0mGET /bootstrap/jquery.dataTables.min.js [36m304 [0m1.485 ms - -[0m
[0mGET /bootstrap/jquery.dataTables.min.css [36m304 [0m1.571 ms - -[0m
[0mGET /bootstrap/log_warnning.css [36m304 [0m0.736 ms - -[0m
[0mGET /bootstrap/bootstrap.min.css [36m304 [0m0.727 ms - -[0m
[0mGET /images/sort_both.png [33m404 [0m1.039 ms - 786[0m
[0mGET / [36m304 [0m3.842 ms - -[0m
[0mGET /bootstrap/jquery-1.12.4.js [36m304 [0m0.401 ms - -[0m
[0mGET /bootstrap/com.js [36m304 [0m1.696 ms - -[0m
[0mGET /bootstrap/jquery.dataTables.min.js [36m304 [0m1.709 ms - -[0m
[0mGET /bootstrap/jquery.dataTables.min.css [36m304 [0m1.795 ms - -[0m
[0mGET /bootstrap/log_warnning.css [36m304 [0m1.856 ms - -[0m
[0mGET /bootstrap/bootstrap.min.css [36m304 [0m1.896 ms - -[0m
[0mGET /images/sort_both.png [33m404 [0m1.148 ms - 786[0m
[0mGET / [36m304 [0m5.505 ms - -[0m
[0mGET /bootstrap/jquery-1.12.4.js [36m304 [0m1.998 ms - -[0m
[0mGET /bootstrap/com.js [36m304 [0m3.831 ms - -[0m
[0mGET /bootstrap/jquery.dataTables.min.js [36m304 [0m4.146 ms - -[0m
[0mGET /bootstrap/jquery.dataTables.min.css [36m304 [0m4.361 ms - -[0m
[0mGET /bootstrap/log_warnning.css [36m304 [0m4.473 ms - -[0m
[0mGET /bootstrap/bootstrap.min.css [36m304 [0m4.532 ms - -[0m
[0mGET /images/sort_both.png [33m404 [0m2.561 ms - 786[0m
[0mPOST /u [32m200 [0m0.519 ms - -[0m
[0mGET / [32m200 [0m4.732 ms - 5732[0m
[0mGET /bootstrap/jquery-1.12.4.js [36m304 [0m1.179 ms - -[0m
[0mGET /bootstrap/com.js [36m304 [0m1.270 ms - -[0m
[0mGET /bootstrap/jquery.dataTables.min.js [36m304 [0m1.384 ms - -[0m
[0mGET /bootstrap/log_warnning.css [36m304 [0m0.995 ms - -[0m
[0mGET /bootstrap/jquery.dataTables.min.css [36m304 [0m1.070 ms - -[0m
[0mGET /bootstrap/bootstrap.min.css [36m304 [0m1.156 ms - -[0m
[0mGET /images/sort_both.png [33m404 [0m1.145 ms - 786[0m
[0mGET / [36m304 [0m4.453 ms - -[0m
[0mGET /bootstrap/jquery-1.12.4.js [36m304 [0m0.824 ms - -[0m
[0mGET /bootstrap/com.js [36m304 [0m1.741 ms - -[0m
[0mGET /bootstrap/jquery.dataTables.min.js [36m304 [0m1.207 ms - -[0m
[0mGET /bootstrap/jquery.dataTables.min.css [36m304 [0m1.966 ms - -[0m
[0mGET /bootstrap/log_warnning.css [36m304 [0m1.098 ms - -[0m
[0mGET /bootstrap/bootstrap.min.css [36m304 [0m3.238 ms - -[0m
[0mGET /images/sort_both.png [33m404 [0m2.398 ms - 786[0m
[0mGET / [36m304 [0m4.543 ms - -[0m
[0mGET /bootstrap/jquery-1.12.4.js [36m304 [0m3.908 ms - -[0m
[0mGET /bootstrap/com.js [36m304 [0m3.856 ms - -[0m
[0mGET /bootstrap/jquery.dataTables.min.js [36m304 [0m3.883 ms - -[0m
[0mGET /bootstrap/jquery.dataTables.min.css [36m304 [0m3.928 ms - -[0m
[0mGET /bootstrap/log_warnning.css [36m304 [0m0.692 ms - -[0m
[0mGET /bootstrap/bootstrap.min.css [36m304 [0m0.745 ms - -[0m
[0mGET /images/sort_both.png [33m404 [0m1.152 ms - 786[0m
[0mGET / [36m304 [0m3.974 ms - -[0m
[0mGET /bootstrap/jquery-1.12.4.js [36m304 [0m0.817 ms - -[0m
[0mGET /bootstrap/jquery.dataTables.min.js [36m304 [0m0.945 ms - -[0m
[0mGET /bootstrap/jquery.dataTables.min.css [36m304 [0m1.276 ms - -[0m
[0mGET /bootstrap/log_warnning.css [36m304 [0m1.349 ms - -[0m
[0mGET /bootstrap/bootstrap.min.css [36m304 [0m1.459 ms - -[0m
[0mGET /bootstrap/com.js [36m304 [0m1.584 ms - -[0m
[0mGET /images/sort_both.png [33m404 [0m2.783 ms - 786[0m
[0mGET / [36m304 [0m4.049 ms - -[0m
[0mGET /bootstrap/jquery-1.12.4.js [36m304 [0m1.176 ms - -[0m
[0mGET /bootstrap/com.js [36m304 [0m1.225 ms - -[0m
[0mGET /bootstrap/jquery.dataTables.min.js [36m304 [0m1.523 ms - -[0m
[0mGET /bootstrap/jquery.dataTables.min.css [36m304 [0m3.135 ms - -[0m
[0mGET /bootstrap/log_warnning.css [36m304 [0m2.561 ms - -[0m
[0mGET /bootstrap/bootstrap.min.css [36m304 [0m3.781 ms - -[0m
[0mGET /images/sort_both.png [33m404 [0m1.342 ms - 786[0m
[0mGET / [36m304 [0m3.966 ms - -[0m
[0mGET /bootstrap/jquery-1.12.4.js [36m304 [0m1.655 ms - -[0m
[0mGET /bootstrap/com.js [36m304 [0m1.697 ms - -[0m
[0mGET /bootstrap/jquery.dataTables.min.js [36m304 [0m1.749 ms - -[0m
[0mGET /bootstrap/jquery.dataTables.min.css [36m304 [0m1.816 ms - -[0m
[0mGET /bootstrap/log_warnning.css [36m304 [0m1.883 ms - -[0m
[0mGET /bootstrap/bootstrap.min.css [36m304 [0m0.419 ms - -[0m
[0mGET /images/sort_both.png [33m404 [0m1.064 ms - 786[0m
[0mGET / [36m304 [0m4.004 ms - -[0m
[0mGET /bootstrap/jquery-1.12.4.js [36m304 [0m1.508 ms - -[0m
[0mGET /bootstrap/com.js [36m304 [0m1.416 ms - -[0m
[0mGET /bootstrap/jquery.dataTables.min.js [36m304 [0m1.464 ms - -[0m
[0mGET /bootstrap/jquery.dataTables.min.css [36m304 [0m1.553 ms - -[0m
[0mGET /bootstrap/log_warnning.css [36m304 [0m0.685 ms - -[0m
[0mGET /bootstrap/bootstrap.min.css [36m304 [0m0.697 ms - -[0m
[0mGET /images/sort_both.png [33m404 [0m1.026 ms - 786[0m
[0mGET / [36m304 [0m3.954 ms - -[0m
[0mGET /bootstrap/jquery-1.12.4.js [36m304 [0m1.471 ms - -[0m
[0mGET /bootstrap/com.js [36m304 [0m1.488 ms - -[0m
[0mGET /bootstrap/jquery.dataTables.min.js [36m304 [0m1.481 ms - -[0m
[0mGET /bootstrap/jquery.dataTables.min.css [36m304 [0m2.264 ms - -[0m
[0mGET /bootstrap/log_warnning.css [36m304 [0m1.089 ms - -[0m
[0mGET /bootstrap/bootstrap.min.css [36m304 [0m1.103 ms - -[0m
[0mGET /images/sort_both.png [33m404 [0m1.103 ms - 786[0m
[0mGET / [36m304 [0m7.087 ms - -[0m
[0mGET /bootstrap/jquery-1.12.4.js [36m304 [0m1.834 ms - -[0m
[0mGET /bootstrap/com.js [36m304 [0m1.903 ms - -[0m
[0mGET /bootstrap/jquery.dataTables.min.js [36m304 [0m1.958 ms - -[0m
[0mGET /bootstrap/jquery.dataTables.min.css [36m304 [0m2.010 ms - -[0m
[0mGET /bootstrap/log_warnning.css [36m304 [0m2.073 ms - -[0m
[0mGET /bootstrap/bootstrap.min.css [36m304 [0m2.137 ms - -[0m
[0mGET /images/sort_both.png [33m404 [0m2.726 ms - 786[0m
[0mPOST /u [32m200 [0m0.283 ms - -[0m
[0mGET / [32m200 [0m4.804 ms - 5888[0m
[0mGET /bootstrap/jquery-1.12.4.js [36m304 [0m1.694 ms - -[0m
[0mGET /bootstrap/com.js [36m304 [0m1.722 ms - -[0m
[0mGET /bootstrap/jquery.dataTables.min.js [36m304 [0m1.732 ms - -[0m
[0mGET /bootstrap/jquery.dataTables.min.css [36m304 [0m1.775 ms - -[0m
[0mGET /bootstrap/log_warnning.css [36m304 [0m1.850 ms - -[0m
[0mGET /bootstrap/bootstrap.min.css [36m304 [0m0.426 ms - -[0m
[0mGET /images/sort_both.png [33m404 [0m1.481 ms - 786[0m
[0mGET / [36m304 [0m4.093 ms - -[0m
[0mGET /bootstrap/jquery-1.12.4.js [36m304 [0m1.400 ms - -[0m
[0mGET /bootstrap/com.js [36m304 [0m1.401 ms - -[0m
[0mGET /bootstrap/jquery.dataTables.min.js [36m304 [0m1.405 ms - -[0m
[0mGET /bootstrap/jquery.dataTables.min.css [36m304 [0m1.488 ms - -[0m
[0mGET /bootstrap/log_warnning.css [36m304 [0m0.654 ms - -[0m
[0mGET /bootstrap/bootstrap.min.css [36m304 [0m0.708 ms - -[0m
[0mGET /images/sort_both.png [33m404 [0m1.071 ms - 786[0m
[0mGET / [36m304 [0m5.575 ms - -[0m
[0mGET /bootstrap/jquery-1.12.4.js [36m304 [0m1.613 ms - -[0m
[0mGET /bootstrap/com.js [36m304 [0m1.627 ms - -[0m
[0mGET /bootstrap/jquery.dataTables.min.js [36m304 [0m1.689 ms - -[0m
[0mGET /bootstrap/jquery.dataTables.min.css [36m304 [0m1.745 ms - -[0m
[0mGET /bootstrap/log_warnning.css [36m304 [0m1.815 ms - -[0m
[0mGET /bootstrap/bootstrap.min.css [36m304 [0m0.413 ms - -[0m
[0mGET /images/sort_both.png [33m404 [0m1.058 ms - 786[0m
[0mGET / [36m304 [0m4.427 ms - -[0m
[0mGET /bootstrap/jquery-1.12.4.js [36m304 [0m2.180 ms - -[0m
[0mGET /bootstrap/com.js [36m304 [0m2.067 ms - -[0m
[0mGET /bootstrap/jquery.dataTables.min.css [36m304 [0m2.103 ms - -[0m
[0mGET /bootstrap/jquery.dataTables.min.js [36m304 [0m2.127 ms - -[0m
[0mGET /bootstrap/log_warnning.css [36m304 [0m2.165 ms - -[0m
[0mGET /bootstrap/bootstrap.min.css [36m304 [0m0.439 ms - -[0m
[0mGET /images/sort_both.png [33m404 [0m1.192 ms - 786[0m
[0mGET /resource/upload_1de6202a747d34bf2cc3a9cb63dc7d5c [32m200 [0m6.549 ms - 851[0m
[0mPOST /u [32m200 [0m0.253 ms - -[0m
[0mGET / [32m200 [0m4.643 ms - 6044[0m
[0mGET /bootstrap/jquery-1.12.4.js [36m304 [0m1.434 ms - -[0m
[0mGET /bootstrap/com.js [36m304 [0m1.421 ms - -[0m
[0mGET /bootstrap/jquery.dataTables.min.js [36m304 [0m1.427 ms - -[0m
[0mGET /bootstrap/jquery.dataTables.min.css [36m304 [0m1.483 ms - -[0m
[0mGET /bootstrap/log_warnning.css [36m304 [0m0.648 ms - -[0m
[0mGET /bootstrap/bootstrap.min.css [36m304 [0m0.686 ms - -[0m
[0mGET /images/sort_both.png [33m404 [0m1.388 ms - 786[0m
[0mGET / [36m304 [0m3.968 ms - -[0m
[0mGET /bootstrap/jquery-1.12.4.js [36m304 [0m1.415 ms - -[0m
[0mGET /bootstrap/com.js [36m304 [0m1.418 ms - -[0m
[0mGET /bootstrap/jquery.dataTables.min.js [36m304 [0m1.427 ms - -[0m
[0mGET /bootstrap/jquery.dataTables.min.css [36m304 [0m1.457 ms - -[0m
[0mGET /bootstrap/log_warnning.css [36m304 [0m0.628 ms - -[0m
[0mGET /bootstrap/bootstrap.min.css [36m304 [0m0.687 ms - -[0m
[0mGET /images/sort_both.png [33m404 [0m1.051 ms - 786[0m
[0mGET / [36m304 [0m3.939 ms - -[0m
[0mGET /bootstrap/jquery-1.12.4.js [36m304 [0m1.442 ms - -[0m
[0mGET /bootstrap/com.js [36m304 [0m1.392 ms - -[0m
[0mGET /bootstrap/jquery.dataTables.min.js [36m304 [0m1.416 ms - -[0m
[0mGET /bootstrap/jquery.dataTables.min.css [36m304 [0m1.507 ms - -[0m
[0mGET /bootstrap/log_warnning.css [36m304 [0m1.865 ms - -[0m
[0mGET /bootstrap/bootstrap.min.css [36m304 [0m0.714 ms - -[0m
[0mGET /images/sort_both.png [33m404 [0m1.040 ms - 786[0m
[0mGET / [36m304 [0m6.157 ms - -[0m
[0mGET /bootstrap/jquery-1.12.4.js [36m304 [0m0.822 ms - -[0m
[0mGET /bootstrap/com.js [36m304 [0m0.831 ms - -[0m
[0mGET /bootstrap/jquery.dataTables.min.js [36m304 [0m1.221 ms - -[0m
[0mGET /bootstrap/jquery.dataTables.min.css [36m304 [0m1.299 ms - -[0m
[0mGET /bootstrap/log_warnning.css [36m304 [0m1.338 ms - -[0m
[0mGET /bootstrap/bootstrap.min.css [36m304 [0m1.396 ms - -[0m
[0mGET /images/sort_both.png [33m404 [0m2.450 ms - 786[0m
[0mGET / [36m304 [0m3.869 ms - -[0m
[0mGET /bootstrap/jquery-1.12.4.js [36m304 [0m1.383 ms - -[0m
[0mGET /bootstrap/com.js [36m304 [0m1.404 ms - -[0m
[0mGET /bootstrap/jquery.dataTables.min.js [36m304 [0m1.390 ms - -[0m
[0mGET /bootstrap/jquery.dataTables.min.css [36m304 [0m1.466 ms - -[0m
[0mGET /bootstrap/log_warnning.css [36m304 [0m0.329 ms - -[0m
[0mGET /bootstrap/bootstrap.min.css [36m304 [0m0.319 ms - -[0m
[0mGET /images/sort_both.png [33m404 [0m1.052 ms - 786[0m
[0mGET / [36m304 [0m3.847 ms - -[0m
[0mGET /bootstrap/jquery-1.12.4.js [36m304 [0m2.044 ms - -[0m
[0mGET /bootstrap/com.js [36m304 [0m2.230 ms - -[0m
[0mGET /bootstrap/jquery.dataTables.min.js [36m304 [0m2.296 ms - -[0m
[0mGET /bootstrap/jquery.dataTables.min.css [36m304 [0m2.390 ms - -[0m
[0mGET /bootstrap/log_warnning.css [36m304 [0m2.454 ms - -[0m
[0mGET /bootstrap/bootstrap.min.css [36m304 [0m0.341 ms - -[0m
[0mGET /images/sort_both.png [33m404 [0m2.570 ms - 786[0m
[0mGET / [36m304 [0m3.870 ms - -[0m
[0mGET /bootstrap/jquery-1.12.4.js [36m304 [0m1.156 ms - -[0m
[0mGET /bootstrap/com.js [36m304 [0m1.153 ms - -[0m
[0mGET /bootstrap/jquery.dataTables.min.js [36m304 [0m1.122 ms - -[0m
[0mGET /bootstrap/jquery.dataTables.min.css [36m304 [0m1.849 ms - -[0m
[0mGET /bootstrap/log_warnning.css [36m304 [0m1.929 ms - -[0m
[0mGET /bootstrap/bootstrap.min.css [36m304 [0m1.495 ms - -[0m
[0mGET /images/sort_both.png [33m404 [0m1.040 ms - 786[0m
[0mGET / [36m304 [0m3.913 ms - -[0m
[0mGET /bootstrap/jquery-1.12.4.js [36m304 [0m1.112 ms - -[0m
[0mGET /bootstrap/com.js [36m304 [0m1.171 ms - -[0m
[0mGET /bootstrap/jquery.dataTables.min.js [36m304 [0m1.173 ms - -[0m
[0mGET /bootstrap/jquery.dataTables.min.css [36m304 [0m0.959 ms - -[0m
[0mGET /bootstrap/log_warnning.css [36m304 [0m1.001 ms - -[0m
[0mGET /bootstrap/bootstrap.min.css [36m304 [0m1.035 ms - -[0m
[0mGET /images/sort_both.png [33m404 [0m0.966 ms - 786[0m
[0mGET / [36m304 [0m5.739 ms - -[0m
[0mGET /bootstrap/jquery-1.12.4.js [36m304 [0m2.994 ms - -[0m
[0mGET /bootstrap/com.js [36m304 [0m2.187 ms - -[0m
[0mGET /bootstrap/jquery.dataTables.min.js [36m304 [0m2.574 ms - -[0m
[0mGET /bootstrap/jquery.dataTables.min.css [36m304 [0m2.794 ms - -[0m
[0mGET /bootstrap/log_warnning.css [36m304 [0m2.875 ms - -[0m
[0mGET /bootstrap/bootstrap.min.css [36m304 [0m0.333 ms - -[0m
[0mGET /images/sort_both.png [33m404 [0m1.028 ms - 786[0m
[0mPOST /delrow [32m200 [0m6.742 ms - -[0m
{"_id":"59a38d53eb96d91a9237040d"}
[0mGET / [32m200 [0m4.052 ms - 5888[0m
[0mGET /bootstrap/jquery-1.12.4.js [36m304 [0m1.545 ms - -[0m
[0mGET /bootstrap/com.js [36m304 [0m1.499 ms - -[0m
[0mGET /bootstrap/jquery.dataTables.min.js [36m304 [0m1.495 ms - -[0m
[0mGET /bootstrap/jquery.dataTables.min.css [36m304 [0m1.559 ms - -[0m
[0mGET /bootstrap/log_warnning.css [36m304 [0m0.678 ms - -[0m
[0mGET /bootstrap/bootstrap.min.css [36m304 [0m0.714 ms - -[0m
[0mGET /images/sort_both.png [33m404 [0m1.140 ms - 786[0m
[0mPOST /delrow [32m200 [0m3.588 ms - -[0m
{"_id":"59a38d38eb96d91a9237040c"}
[0mGET / [32m200 [0m4.193 ms - 5732[0m
[0mGET /bootstrap/jquery-1.12.4.js [36m304 [0m2.093 ms - -[0m
[0mGET /bootstrap/com.js [36m304 [0m2.017 ms - -[0m
[0mGET /bootstrap/jquery.dataTables.min.js [36m304 [0m2.066 ms - -[0m
[0mGET /bootstrap/jquery.dataTables.min.css [36m304 [0m2.126 ms - -[0m
[0mGET /bootstrap/log_warnning.css [36m304 [0m2.181 ms - -[0m
[0mGET /bootstrap/bootstrap.min.css [36m304 [0m2.238 ms - -[0m
[0mGET /images/sort_both.png [33m404 [0m1.091 ms - 786[0m
[0mPOST /delrow [32m200 [0m0.810 ms - -[0m
{"_id":"59a38d26eb96d91a9237040b"}
[0mGET / [32m200 [0m5.327 ms - 5574[0m
[0mGET /bootstrap/jquery-1.12.4.js [36m304 [0m1.738 ms - -[0m
[0mGET /bootstrap/com.js [36m304 [0m1.717 ms - -[0m
[0mGET /bootstrap/jquery.dataTables.min.js [36m304 [0m1.717 ms - -[0m
[0mGET /bootstrap/jquery.dataTables.min.css [36m304 [0m1.789 ms - -[0m
[0mGET /bootstrap/log_warnning.css [36m304 [0m1.410 ms - -[0m
[0mGET /bootstrap/bootstrap.min.css [36m304 [0m1.465 ms - -[0m
[0mGET /images/sort_both.png [33m404 [0m3.811 ms - 786[0m
[0mGET / [36m304 [0m52.023 ms - -[0m
[0mGET /bootstrap/jquery-1.12.4.js [36m304 [0m2.641 ms - -[0m
[0mGET /bootstrap/com.js [36m304 [0m0.593 ms - -[0m
[0mGET /bootstrap/jquery.dataTables.min.js [36m304 [0m0.545 ms - -[0m
[0mGET /bootstrap/jquery.dataTables.min.css [36m304 [0m0.465 ms - -[0m
[0mGET /bootstrap/log_warnning.css [36m304 [0m0.399 ms - -[0m
[0mGET /bootstrap/bootstrap.min.css [36m304 [0m0.399 ms - -[0m
[0mGET /images/sort_both.png [33m404 [0m2.451 ms - 786[0m
[0mGET /u [36m304 [0m6.109 ms - -[0m
[0mGET /bootstrap/jquery-1.12.4.js [36m304 [0m0.499 ms - -[0m
[0mGET /bootstrap/com.js [36m304 [0m0.454 ms - -[0m
[0mGET /bootstrap/jquery.dataTables.min.js [36m304 [0m0.771 ms - -[0m
[0mGET /bootstrap/jquery.dataTables.min.css [36m304 [0m0.786 ms - -[0m
[0mGET /bootstrap/log_warnning.css [36m304 [0m0.339 ms - -[0m
[0mGET /bootstrap/bootstrap.min.css [36m304 [0m0.618 ms - -[0m
[0mGET /bootstrap/buttons.css [36m304 [0m0.672 ms - -[0m
[0mGET / [36m304 [0m6.839 ms - -[0m
[0mGET /bootstrap/jquery-1.12.4.js [36m304 [0m3.027 ms - -[0m
[0mGET /bootstrap/com.js [36m304 [0m2.794 ms - -[0m
[0mGET /bootstrap/jquery.dataTables.min.js [36m304 [0m2.828 ms - -[0m
[0mGET /bootstrap/jquery.dataTables.min.css [36m304 [0m2.864 ms - -[0m
[0mGET /bootstrap/log_warnning.css [36m304 [0m1.061 ms - -[0m
[0mGET /bootstrap/bootstrap.min.css [36m304 [0m0.986 ms - -[0m
[0mGET /images/sort_both.png [33m404 [0m1.581 ms - 786[0m
[0mPOST /u [32m200 [0m2.646 ms - -[0m
[0mGET / [32m200 [0m5.057 ms - 5732[0m
[0mGET /bootstrap/jquery-1.12.4.js [36m304 [0m0.495 ms - -[0m
[0mGET /bootstrap/com.js [36m304 [0m1.058 ms - -[0m
[0mGET /bootstrap/jquery.dataTables.min.js [36m304 [0m1.087 ms - -[0m
[0mGET /bootstrap/jquery.dataTables.min.css [36m304 [0m1.096 ms - -[0m
[0mGET /bootstrap/log_warnning.css [36m304 [0m0.621 ms - -[0m
[0mGET /bootstrap/bootstrap.min.css [36m304 [0m0.682 ms - -[0m
[0mGET /images/sort_both.png [33m404 [0m1.130 ms - 786[0m
[0mGET / [31m500 [0m12.555 ms - 973[0m
Error: Failed to lookup view "error" in views directory "/home/web/views"
    at Function.render (/home/web/node_modules/express/lib/application.js:579:17)
    at ServerResponse.render (/home/web/node_modules/express/lib/response.js:960:7)
    at /home/web/app.js:39:7
    at Layer.handle_error (/home/web/node_modules/express/lib/router/layer.js:71:5)
    at trim_prefix (/home/web/node_modules/express/lib/router/index.js:310:13)
    at /home/web/node_modules/express/lib/router/index.js:280:7
    at Function.process_params (/home/web/node_modules/express/lib/router/index.js:330:12)
    at next (/home/web/node_modules/express/lib/router/index.js:271:10)
    at Layer.handle_error (/home/web/node_modules/express/lib/router/layer.js:67:12)
    at trim_prefix (/home/web/node_modules/express/lib/router/index.js:310:13)
